# JRE version: OpenJDK Runtime Environment (14.0.1+7) (build 14.0.1+7-Ubuntu-1ubuntu118.04.1)
# Java VM: OpenJDK 64-Bit Server VM (14.0.1+7-Ubuntu-1ubuntu118.04.1, mixed mode, sharing, tiered, compressed oops, g1 gc, linux-amd64)
Heap:
 garbage-first heap   total 168960K, used 110398K [0x0000000706a00000, 0x0000000800000000)
  region size 1024K, 53 young (54272K), 1 survivors (1024K)
 Metaspace       used 41326K, capacity 42541K, committed 42752K, reserved 1087488K
  class space    used 4623K, capacity 5061K, committed 5120K, reserved 1048576K
GC Heap History (20 events):
Event: 1.576 GC heap before
{Heap before GC invocations=4 (full 0):
 garbage-first heap   total 258048K, used 61389K [0x0000000706a00000, 0x0000000800000000)
  region size 1024K, 42 young (43008K), 9 survivors (9216K)
 Metaspace       used 20154K, capacity 21056K, committed 21248K, reserved 1069056K
  class space    used 2276K, capacity 2496K, committed 2560K, reserved 1048576K
}
Event: 1.580 GC heap after
{Heap after GC invocations=5 (full 0):
 garbage-first heap   total 316416K, used 29002K [0x0000000706a00000, 0x0000000800000000)
  region size 1024K, 10 young (10240K), 10 survivors (10240K)
 Metaspace       used 20154K, capacity 21056K, committed 21248K, reserved 1069056K
  class space    used 2276K, capacity 2496K, committed 2560K, reserved 1048576K
}
Event: 1.831 GC heap before
{Heap before GC invocations=6 (full 0):
 garbage-first heap   total 109568K, used 85322K [0x0000000706a00000, 0x0000000800000000)
  region size 1024K, 64 young (65536K), 10 survivors (10240K)
 Metaspace       used 25304K, capacity 26129K, committed 26496K, reserved 1073152K
  class space    used 2858K, capacity 3079K, committed 3200K, reserved 1048576K
}
Event: 1.840 GC heap after
{Heap after GC invocations=7 (full 0):
 garbage-first heap   total 110592K, used 42617K [0x0000000706a00000, 0x0000000800000000)
  region size 1024K, 8 young (8192K), 8 survivors (8192K)
 Metaspace       used 25304K, capacity 26129K, committed 26496K, reserved 1073152K
  class space    used 2858K, capacity 3079K, committed 3200K, reserved 1048576K
}
Event: 1.916 GC heap before
{Heap before GC invocations=8 (full 0):
 garbage-first heap   total 110592K, used 83577K [0x0000000706a00000, 0x0000000800000000)
  region size 1024K, 49 young (50176K), 8 survivors (8192K)
 Metaspace       used 25322K, capacity 26131K, committed 26496K, reserved 1073152K
  class space    used 2858K, capacity 3079K, committed 3200K, reserved 1048576K
}
Event: 1.922 GC heap after
{Heap after GC invocations=9 (full 0):
 garbage-first heap   total 110592K, used 49538K [0x0000000706a00000, 0x0000000800000000)
  region size 1024K, 7 young (7168K), 7 survivors (7168K)
 Metaspace       used 25322K, capacity 26131K, committed 26496K, reserved 1073152K
  class space    used 2858K, capacity 3079K, committed 3200K, reserved 1048576K
}
Event: 2.064 GC heap before
{Heap before GC invocations=9 (full 0):
 garbage-first heap   total 110592K, used 84354K [0x0000000706a00000, 0x0000000800000000)
  region size 1024K, 40 young (40960K), 7 survivors (7168K)
 Metaspace       used 26200K, capacity 27028K, committed 27264K, reserved 1073152K
  class space    used 2923K, capacity 3157K, committed 3200K, reserved 1048576K
}
Event: 2.074 GC heap after
{Heap after GC invocations=10 (full 0):
 garbage-first heap   total 110592K, used 56317K [0x0000000706a00000, 0x0000000800000000)
  region size 1024K, 5 young (5120K), 5 survivors (5120K)
 Metaspace       used 26200K, capacity 27028K, committed 27264K, reserved 1073152K
  class space    used 2923K, capacity 3157K, committed 3200K, reserved 1048576K
}
Event: 2.406 GC heap before
{Heap before GC invocations=10 (full 0):
 garbage-first heap   total 110592K, used 84989K [0x0000000706a00000, 0x0000000800000000)
  region size 1024K, 33 young (33792K), 5 survivors (5120K)
 Metaspace       used 28685K, capacity 29581K, committed 29824K, reserved 1075200K
  class space    used 3153K, capacity 3429K, committed 3456K, reserved 1048576K
}
Event: 2.416 GC heap after
{Heap after GC invocations=11 (full 0):
 garbage-first heap   total 138240K, used 59901K [0x0000000706a00000, 0x0000000800000000)
  region size 1024K, 3 young (3072K), 3 survivors (3072K)
 Metaspace       used 28685K, capacity 29581K, committed 29824K, reserved 1075200K
  class space    used 3153K, capacity 3429K, committed 3456K, reserved 1048576K
}
Event: 2.577 GC heap before
{Heap before GC invocations=12 (full 0):
 garbage-first heap   total 138240K, used 104957K [0x0000000706a00000, 0x0000000800000000)
  region size 1024K, 47 young (48128K), 3 survivors (3072K)
 Metaspace       used 29942K, capacity 30970K, committed 31232K, reserved 1077248K
  class space    used 3257K, capacity 3569K, committed 3584K, reserved 1048576K
}
Event: 2.582 GC heap after
{Heap after GC invocations=13 (full 0):
 garbage-first heap   total 138240K, used 59901K [0x0000000706a00000, 0x0000000800000000)
  region size 1024K, 4 young (4096K), 4 survivors (4096K)
 Metaspace       used 29942K, capacity 30970K, committed 31232K, reserved 1077248K
  class space    used 3257K, capacity 3569K, committed 3584K, reserved 1048576K
}
Event: 3.449 GC heap before
{Heap before GC invocations=13 (full 0):
 garbage-first heap   total 138240K, used 104957K [0x0000000706a00000, 0x0000000800000000)
  region size 1024K, 46 young (47104K), 4 survivors (4096K)
 Metaspace       used 32551K, capacity 33726K, committed 33920K, reserved 1079296K
  class space    used 3583K, capacity 3954K, committed 3968K, reserved 1048576K
}
Event: 3.454 GC heap after
{Heap after GC invocations=14 (full 0):
 garbage-first heap   total 138240K, used 65440K [0x0000000706a00000, 0x0000000800000000)
  region size 1024K, 4 young (4096K), 4 survivors (4096K)
 Metaspace       used 32551K, capacity 33726K, committed 33920K, reserved 1079296K
  class space    used 3583K, capacity 3954K, committed 3968K, reserved 1048576K
}
Event: 3.598 GC heap before
{Heap before GC invocations=15 (full 0):
 garbage-first heap   total 140288K, used 122784K [0x0000000706a00000, 0x0000000800000000)
  region size 1024K, 47 young (48128K), 4 survivors (4096K)
 Metaspace       used 33255K, capacity 34391K, committed 34560K, reserved 1079296K
  class space    used 3654K, capacity 4026K, committed 4096K, reserved 1048576K
}
Event: 3.603 GC heap after
{Heap after GC invocations=16 (full 0):
 garbage-first heap   total 140288K, used 65070K [0x0000000706a00000, 0x0000000800000000)
  region size 1024K, 5 young (5120K), 5 survivors (5120K)
 Metaspace       used 33255K, capacity 34391K, committed 34560K, reserved 1079296K
  class space    used 3654K, capacity 4026K, committed 4096K, reserved 1048576K
}
Event: 3.610 GC heap before
{Heap before GC invocations=16 (full 0):
 garbage-first heap   total 140288K, used 65070K [0x0000000706a00000, 0x0000000800000000)
  region size 1024K, 6 young (6144K), 5 survivors (5120K)
 Metaspace       used 33389K, capacity 34509K, committed 34816K, reserved 1079296K
  class space    used 3671K, capacity 4064K, committed 4096K, reserved 1048576K
}
Event: 3.619 GC heap after
{Heap after GC invocations=17 (full 0):
 garbage-first heap   total 168960K, used 58023K [0x0000000706a00000, 0x0000000800000000)
  region size 1024K, 1 young (1024K), 1 survivors (1024K)
 Metaspace       used 33389K, capacity 34509K, committed 34816K, reserved 1079296K
  class space    used 3671K, capacity 4064K, committed 4096K, reserved 1048576K
}
Event: 3.741 GC heap before
{Heap before GC invocations=17 (full 0):
 garbage-first heap   total 168960K, used 132775K [0x0000000706a00000, 0x0000000800000000)
  region size 1024K, 74 young (75776K), 1 survivors (1024K)
 Metaspace       used 34344K, capacity 35531K, committed 35712K, reserved 1081344K
  class space    used 3769K, capacity 4172K, committed 4224K, reserved 1048576K
}
Event: 3.743 GC heap after
{Heap after GC invocations=18 (full 0):
 garbage-first heap   total 168960K, used 58174K [0x0000000706a00000, 0x0000000800000000)
  region size 1024K, 1 young (1024K), 1 survivors (1024K)
 Metaspace       used 34344K, capacity 35531K, committed 35712K, reserved 1081344K
  class space    used 3769K, capacity 4172K, committed 4224K, reserved 1048576K
}

